#
# There is insufficient memory for the Java Runtime Environment to continue.
# Native memory allocation (malloc) failed to allocate 400096 bytes for Chunk::new
# Possible reasons:
#   The system is out of physical RAM or swap space
#   In 32 bit mode, the process size limit was hit
# Possible solutions:
#   Reduce memory load on the system
#   Increase physical memory or swap space
#   Check if swap backing store is full
#   Use 64 bit Java on a 64 bit OS
#   Decrease Java heap size (-Xmx/-Xms)
#   Decrease number of Java threads
#   Decrease Java thread stack sizes (-Xss)
#   Set larger code cache with -XX:ReservedCodeCacheSize=
# This output file may be truncated or incomplete.
#
#  Out of Memory Error (allocation.cpp:390), pid=7460, tid=3332
#
# JRE version: Java(TM) SE Runtime Environment (8.0_31-b13) (build 1.8.0_31-b13)
# Java VM: Java HotSpot(TM) 64-Bit Server VM (25.31-b07 mixed mode windows-amd64 compressed oops)
# Failed to write core dump. Minidumps are not enabled by default on client versions of Windows
#

---------------  T H R E A D  ---------------

Current thread (0x00000000148bd000):  JavaThread "C2 CompilerThread0" daemon [_thread_in_native, id=3332, stack(0x0000000015e30000,0x0000000015f30000)]

Stack: [0x0000000015e30000,0x0000000015f30000]
Native frames: (J=compiled Java code, j=interpreted, Vv=VM code, C=native code)
V  [jvm.dll+0x3169ba]
V  [jvm.dll+0x2674c3]
V  [jvm.dll+0x268103]
V  [jvm.dll+0x25f8f5]
V  [jvm.dll+0xbf025]
V  [jvm.dll+0xbf4cc]
V  [jvm.dll+0x45df82]
V  [jvm.dll+0x49f21f]
V  [jvm.dll+0x452b35]
V  [jvm.dll+0x454124]
V  [jvm.dll+0x437c62]
V  [jvm.dll+0x988e2]
V  [jvm.dll+0x990d3]
V  [jvm.dll+0x22c194]
V  [jvm.dll+0x28576a]
C  [msvcr100.dll+0x21d9f]
C  [msvcr100.dll+0x21e3b]
C  [KERNEL32.DLL+0x18102]
C  [ntdll.dll+0x5c5b4]


Current CompileTask:
C2:   4343 1075       4       com.android.dx.ssa.back.LivenessAnalyzer::handleTailRecursion (94 bytes)


---------------  P R O C E S S  ---------------

Java Threads: ( => current thread )
  0x000000001647c000 JavaThread "pool-2-thread-4" [_thread_in_Java, id=872, stack(0x0000000017330000,0x0000000017430000)]
  0x0000000016477000 JavaThread "pool-2-thread-3" [_thread_blocked, id=4832, stack(0x0000000017230000,0x0000000017330000)]
  0x0000000016476000 JavaThread "pool-2-thread-2" [_thread_blocked, id=7468, stack(0x0000000017130000,0x0000000017230000)]
  0x00000000164bc800 JavaThread "pool-3-thread-1" [_thread_blocked, id=2116, stack(0x0000000017030000,0x0000000017130000)]
  0x00000000164b5800 JavaThread "pool-2-thread-1" [_thread_in_vm, id=2880, stack(0x0000000016f30000,0x0000000017030000)]
  0x0000000016135800 JavaThread "Service Thread" daemon [_thread_blocked, id=5488, stack(0x0000000016530000,0x0000000016630000)]
  0x000000001491b800 JavaThread "C1 CompilerThread2" daemon [_thread_in_native, id=5360, stack(0x0000000016030000,0x0000000016130000)]
  0x00000000148bf000 JavaThread "C2 CompilerThread1" daemon [_thread_in_native, id=7180, stack(0x0000000015f30000,0x0000000016030000)]
=>0x00000000148bd000 JavaThread "C2 CompilerThread0" daemon [_thread_in_native, id=3332, stack(0x0000000015e30000,0x0000000015f30000)]
  0x00000000148ba800 JavaThread "Attach Listener" daemon [_thread_blocked, id=1564, stack(0x0000000015d30000,0x0000000015e30000)]
  0x00000000148b9000 JavaThread "Signal Dispatcher" daemon [_thread_blocked, id=1876, stack(0x0000000015c30000,0x0000000015d30000)]
  0x00000000021df000 JavaThread "Finalizer" daemon [_thread_blocked, id=3204, stack(0x0000000015b30000,0x0000000015c30000)]
  0x00000000021dc000 JavaThread "Reference Handler" daemon [_thread_blocked, id=3380, stack(0x0000000015a30000,0x0000000015b30000)]
  0x0000000001fbd800 JavaThread "main" [_thread_in_vm, id=280, stack(0x0000000001ff0000,0x00000000020f0000)]

Other Threads:
  0x0000000014886800 VMThread [stack: 0x0000000015930000,0x0000000015a30000] [id=3852]
  0x0000000016138000 WatcherThread [stack: 0x0000000016630000,0x0000000016730000] [id=4060]

VM state:not at safepoint (normal execution)

VM Mutex/Monitor currently owned by a thread: None

Heap:
 PSYoungGen      total 18944K, used 8850K [0x00000000eab00000, 0x00000000ec000000, 0x0000000100000000)
  eden space 16384K, 38% used [0x00000000eab00000,0x00000000eb1274c8,0x00000000ebb00000)
  from space 2560K, 99% used [0x00000000ebb00000,0x00000000ebd7d430,0x00000000ebd80000)
  to   space 2560K, 0% used [0x00000000ebd80000,0x00000000ebd80000,0x00000000ec000000)
 ParOldGen       total 44032K, used 4887K [0x00000000c0000000, 0x00000000c2b00000, 0x00000000eab00000)
  object space 44032K, 11% used [0x00000000c0000000,0x00000000c04c5da0,0x00000000c2b00000)
 Metaspace       used 5992K, capacity 6960K, committed 7040K, reserved 1056768K
  class space    used 592K, capacity 616K, committed 640K, reserved 1048576K

Card table byte_map: [0x00000000115b0000,0x00000000117c0000] byte_map_base: 0x0000000010fb0000

Marking Bits: (ParMarkBitMap*) 0x0000000061a7d4f0
 Begin Bits: [0x0000000011d20000, 0x0000000012d20000)
 End Bits:   [0x0000000012d20000, 0x0000000013d20000)

Polling page: 0x0000000000460000

CodeCache: size=245760Kb used=4277Kb max_used=4277Kb free=241482Kb
 bounds [0x00000000021f0000, 0x0000000002630000, 0x00000000111f0000]
 total_blobs=1358 nmethods=1093 adapters=178
 compilation: enabled

Compilation events (10 events):
Event: 4.322 Thread 0x000000001491b800 1090       2       com.android.dx.ssa.back.SsaToRop::verifyValidExitPredecessor (53 bytes)
Event: 4.322 Thread 0x000000001491b800 nmethod 1090 0x000000000260a2d0 code [0x000000000260a480, 0x000000000260a7d8]
Event: 4.323 Thread 0x000000001491b800 1091       2       com.android.dx.dex.file.Section::throwIfPrepared (18 bytes)
Event: 4.323 Thread 0x000000001491b800 nmethod 1091 0x0000000002609e90 code [0x000000000260a000, 0x000000000260a1e8]
Event: 4.324 Thread 0x000000001491b800 1092       2       com.android.dx.cf.code.ExecutionStack::copy (59 bytes)
Event: 4.324 Thread 0x000000001491b800 nmethod 1092 0x0000000002611290 code [0x0000000002611420, 0x0000000002611938]
Event: 4.324 Thread 0x000000001491b800 1093       2       com.android.dx.cf.code.Ropper::mergeAndWorkAsNecessary (102 bytes)
Event: 4.325 Thread 0x000000001491b800 nmethod 1093 0x0000000002611ad0 code [0x0000000002611c80, 0x00000000026121b8]
Event: 4.325 Thread 0x000000001491b800 1094       2       com.android.dx.cf.code.RopperMachine::updateReturnOp (115 bytes)
Event: 4.326 Thread 0x000000001491b800 nmethod 1094 0x0000000002612790 code [0x0000000002612980, 0x0000000002612fd8]

GC Heap History (6 events):
Event: 1.687 GC heap before
{Heap before GC invocations=1 (full 0):
 PSYoungGen      total 18944K, used 16384K [0x00000000eab00000, 0x00000000ec000000, 0x0000000100000000)
  eden space 16384K, 100% used [0x00000000eab00000,0x00000000ebb00000,0x00000000ebb00000)
  from space 2560K, 0% used [0x00000000ebd80000,0x00000000ebd80000,0x00000000ec000000)
  to   space 2560K, 0% used [0x00000000ebb00000,0x00000000ebb00000,0x00000000ebd80000)
 ParOldGen       total 44032K, used 0K [0x00000000c0000000, 0x00000000c2b00000, 0x00000000eab00000)
  object space 44032K, 0% used [0x00000000c0000000,0x00000000c0000000,0x00000000c2b00000)
 Metaspace       used 3790K, capacity 5008K, committed 5120K, reserved 1056768K
  class space    used 416K, capacity 456K, committed 512K, reserved 1048576K
Event: 1.693 GC heap after
Heap after GC invocations=1 (full 0):
 PSYoungGen      total 18944K, used 1332K [0x00000000eab00000, 0x00000000ec000000, 0x0000000100000000)
  eden space 16384K, 0% used [0x00000000eab00000,0x00000000eab00000,0x00000000ebb00000)
  from space 2560K, 52% used [0x00000000ebb00000,0x00000000ebc4d280,0x00000000ebd80000)
  to   space 2560K, 0% used [0x00000000ebd80000,0x00000000ebd80000,0x00000000ec000000)
 ParOldGen       total 44032K, used 8K [0x00000000c0000000, 0x00000000c2b00000, 0x00000000eab00000)
  object space 44032K, 0% used [0x00000000c0000000,0x00000000c0002000,0x00000000c2b00000)
 Metaspace       used 3790K, capacity 5008K, committed 5120K, reserved 1056768K
  class space    used 416K, capacity 456K, committed 512K, reserved 1048576K
}
Event: 3.881 GC heap before
{Heap before GC invocations=2 (full 0):
 PSYoungGen      total 18944K, used 17716K [0x00000000eab00000, 0x00000000ec000000, 0x0000000100000000)
  eden space 16384K, 100% used [0x00000000eab00000,0x00000000ebb00000,0x00000000ebb00000)
  from space 2560K, 52% used [0x00000000ebb00000,0x00000000ebc4d280,0x00000000ebd80000)
  to   space 2560K, 0% used [0x00000000ebd80000,0x00000000ebd80000,0x00000000ec000000)
 ParOldGen       total 44032K, used 8K [0x00000000c0000000, 0x00000000c2b00000, 0x00000000eab00000)
  object space 44032K, 0% used [0x00000000c0000000,0x00000000c0002000,0x00000000c2b00000)
 Metaspace       used 5858K, capacity 6832K, committed 7040K, reserved 1056768K
  class space    used 590K, capacity 616K, committed 640K, reserved 1048576K
Event: 3.991 GC heap after
Heap after GC invocations=2 (full 0):
 PSYoungGen      total 18944K, used 2555K [0x00000000eab00000, 0x00000000ec000000, 0x0000000100000000)
  eden space 16384K, 0% used [0x00000000eab00000,0x00000000eab00000,0x00000000ebb00000)
  from space 2560K, 99% used [0x00000000ebd80000,0x00000000ebffec50,0x00000000ec000000)
  to   space 2560K, 0% used [0x00000000ebb00000,0x00000000ebb00000,0x00000000ebd80000)
 ParOldGen       total 44032K, used 2413K [0x00000000c0000000, 0x00000000c2b00000, 0x00000000eab00000)
  object space 44032K, 5% used [0x00000000c0000000,0x00000000c025b708,0x00000000c2b00000)
 Metaspace       used 5858K, capacity 6832K, committed 7040K, reserved 1056768K
  class space    used 590K, capacity 616K, committed 640K, reserved 1048576K
}
Event: 4.229 GC heap before
{Heap before GC invocations=3 (full 0):
 PSYoungGen      total 18944K, used 18939K [0x00000000eab00000, 0x00000000ec000000, 0x0000000100000000)
  eden space 16384K, 100% used [0x00000000eab00000,0x00000000ebb00000,0x00000000ebb00000)
  from space 2560K, 99% used [0x00000000ebd80000,0x00000000ebffec50,0x00000000ec000000)
  to   space 2560K, 0% used [0x00000000ebb00000,0x00000000ebb00000,0x00000000ebd80000)
 ParOldGen       total 44032K, used 2413K [0x00000000c0000000, 0x00000000c2b00000, 0x00000000eab00000)
  object space 44032K, 5% used [0x00000000c0000000,0x00000000c025b708,0x00000000c2b00000)
 Metaspace       used 5974K, capacity 6896K, committed 7040K, reserved 1056768K
  class space    used 592K, capacity 616K, committed 640K, reserved 1048576K
Event: 4.260 GC heap after
Heap after GC invocations=3 (full 0):
 PSYoungGen      total 18944K, used 2549K [0x00000000eab00000, 0x00000000ec000000, 0x0000000100000000)
  eden space 16384K, 0% used [0x00000000eab00000,0x00000000eab00000,0x00000000ebb00000)
  from space 2560K, 99% used [0x00000000ebb00000,0x00000000ebd7d430,0x00000000ebd80000)
  to   space 2560K, 0% used [0x00000000ebd80000,0x00000000ebd80000,0x00000000ec000000)
 ParOldGen       total 44032K, used 4887K [0x00000000c0000000, 0x00000000c2b00000, 0x00000000eab00000)
  object space 44032K, 11% used [0x00000000c0000000,0x00000000c04c5da0,0x00000000c2b00000)
 Metaspace       used 5974K, capacity 6896K, committed 7040K, reserved 1056768K
  class space    used 592K, capacity 616K, committed 640K, reserved 1048576K
}

Deoptimization events (2 events):
Event: 3.728 Thread 0x0000000016476000 Uncommon trap: reason=class_check action=maybe_recompile pc=0x000000000259eb60 method=com.android.dx.rop.type.Type.equals(Ljava/lang/Object;)Z @ 8
Event: 3.730 Thread 0x0000000016476000 Uncommon trap: reason=null_check action=make_not_entrant pc=0x000000000259eb70 method=com.android.dx.rop.type.Type.equals(Ljava/lang/Object;)Z @ 8

Internal exceptions (10 events):
Event: 3.039 Thread 0x0000000001fbd800 Exception <a 'java/security/PrivilegedActionException'> (0x00000000eb216ff0) thrown at [C:\workspace\8-2-build-windows-amd64-cygwin\jdk8u31\2394\hotspot\src\share\vm\prims\jvm.cpp, line 1312]
Event: 3.040 Thread 0x0000000001fbd800 Exception <a 'java/security/PrivilegedActionException'> (0x00000000eb21cdb8) thrown at [C:\workspace\8-2-build-windows-amd64-cygwin\jdk8u31\2394\hotspot\src\share\vm\prims\jvm.cpp, line 1312]
Event: 3.041 Thread 0x0000000001fbd800 Exception <a 'java/security/PrivilegedActionException'> (0x00000000eb222898) thrown at [C:\workspace\8-2-build-windows-amd64-cygwin\jdk8u31\2394\hotspot\src\share\vm\prims\jvm.cpp, line 1312]
Event: 3.309 Thread 0x000000001647c000 Exception <a 'java/security/PrivilegedActionException'> (0x00000000eb2cf3f0) thrown at [C:\workspace\8-2-build-windows-amd64-cygwin\jdk8u31\2394\hotspot\src\share\vm\prims\jvm.cpp, line 1312]
Event: 3.522 Thread 0x00000000164b5800 Exception <a 'java/security/PrivilegedActionException'> (0x00000000eb2ad0e8) thrown at [C:\workspace\8-2-build-windows-amd64-cygwin\jdk8u31\2394\hotspot\src\share\vm\prims\jvm.cpp, line 1312]
Event: 3.549 Thread 0x0000000001fbd800 Exception <a 'java/security/PrivilegedActionException'> (0x00000000eb54b188) thrown at [C:\workspace\8-2-build-windows-amd64-cygwin\jdk8u31\2394\hotspot\src\share\vm\prims\jvm.cpp, line 1312]
Event: 3.549 Thread 0x0000000001fbd800 Exception <a 'java/security/PrivilegedActionException'> (0x00000000eb54d8e8) thrown at [C:\workspace\8-2-build-windows-amd64-cygwin\jdk8u31\2394\hotspot\src\share\vm\prims\jvm.cpp, line 1312]
Event: 3.701 Thread 0x000000001647c000 Exception <a 'java/security/PrivilegedActionException'> (0x00000000eb8ff090) thrown at [C:\workspace\8-2-build-windows-amd64-cygwin\jdk8u31\2394\hotspot\src\share\vm\prims\jvm.cpp, line 1312]
Event: 3.730 Thread 0x0000000016476000 Implicit null exception at 0x000000000259ea62 to 0x000000000259eb61
Event: 4.033 Thread 0x00000000164b5800 Exception <a 'java/security/PrivilegedActionException'> (0x00000000eaf37ea0) thrown at [C:\workspace\8-2-build-windows-amd64-cygwin\jdk8u31\2394\hotspot\src\share\vm\prims\jvm.cpp, line 1312]

Events (10 events):
Event: 4.037 loading class java/util/HashMap$Values done
Event: 4.037 loading class java/util/HashMap$ValueIterator
Event: 4.037 loading class java/util/HashMap$ValueIterator done
Event: 4.221 Executing VM operation: EnableBiasedLocking
Event: 4.225 Executing VM operation: EnableBiasedLocking done
Event: 4.229 Executing VM operation: ParallelGCFailedAllocation
Event: 4.260 Executing VM operation: ParallelGCFailedAllocation done
Event: 4.292 Thread 0x00000000148bf000 flushing nmethod 0x00000000022f7d90
Event: 4.292 Thread 0x00000000148bf000 flushing nmethod 0x00000000022f84d0
Event: 4.292 Thread 0x00000000148bf000 flushing nmethod 0x00000000022faf10


Dynamic libraries:
0x00007ff7c82d0000 - 0x00007ff7c8304000 	C:\Program Files\Java\jdk1.8.0_31\bin\java.exe
0x00007ffd75cf0000 - 0x00007ffd75eb1000 	C:\Windows\SYSTEM32\ntdll.dll
0x00007ffd74610000 - 0x00007ffd746bd000 	C:\Windows\system32\KERNEL32.DLL
0x00007ffd72cc0000 - 0x00007ffd72ea8000 	C:\Windows\system32\KERNELBASE.dll
0x00007ffd746d0000 - 0x00007ffd74777000 	C:\Windows\system32\ADVAPI32.dll
0x00007ffd73210000 - 0x00007ffd732ad000 	C:\Windows\system32\msvcrt.dll
0x00007ffd73b80000 - 0x00007ffd73bdb000 	C:\Windows\system32\sechost.dll
0x00007ffd730f0000 - 0x00007ffd7320c000 	C:\Windows\system32\RPCRT4.dll
0x00007ffd73be0000 - 0x00007ffd73d36000 	C:\Windows\system32\USER32.dll
0x00007ffd738e0000 - 0x00007ffd73a66000 	C:\Windows\system32\GDI32.dll
0x00007ffd6b490000 - 0x00007ffd6b704000 	C:\Windows\WinSxS\amd64_microsoft.windows.common-controls_6595b64144ccf1df_6.0.10586.0_none_8c15ae12515e1c22\COMCTL32.dll
0x00007ffd74390000 - 0x00007ffd7460d000 	C:\Windows\system32\combase.dll
0x00007ffd72eb0000 - 0x00007ffd72f1a000 	C:\Windows\system32\bcryptPrimitives.dll
0x00007ffd73720000 - 0x00007ffd7375b000 	C:\Windows\system32\IMM32.DLL
0x00000000601c0000 - 0x0000000060292000 	C:\Program Files\Java\jdk1.8.0_31\jre\bin\msvcr100.dll
0x00000000612a0000 - 0x0000000061afa000 	C:\Program Files\Java\jdk1.8.0_31\jre\bin\server\jvm.dll
0x00007ffd73560000 - 0x00007ffd73568000 	C:\Windows\system32\PSAPI.DLL
0x00007ffd64100000 - 0x00007ffd64109000 	C:\Windows\SYSTEM32\WSOCK32.dll
0x00007ffd73810000 - 0x00007ffd7387b000 	C:\Windows\system32\WS2_32.dll
0x00007ffd70230000 - 0x00007ffd70253000 	C:\Windows\SYSTEM32\WINMM.dll
0x00007ffd70200000 - 0x00007ffd7022c000 	C:\Windows\SYSTEM32\WINMMBASE.dll
0x00007ffd72be0000 - 0x00007ffd72c23000 	C:\Windows\system32\cfgmgr32.dll
0x0000000061e50000 - 0x0000000061e5f000 	C:\Program Files\Java\jdk1.8.0_31\jre\bin\verify.dll
0x0000000061e20000 - 0x0000000061e48000 	C:\Program Files\Java\jdk1.8.0_31\jre\bin\java.dll
0x0000000061280000 - 0x0000000061296000 	C:\Program Files\Java\jdk1.8.0_31\jre\bin\zip.dll
0x00007ffd74780000 - 0x00007ffd75cdc000 	C:\Windows\system32\SHELL32.dll
0x00007ffd72590000 - 0x00007ffd72bd5000 	C:\Windows\system32\windows.storage.dll
0x00007ffd73570000 - 0x00007ffd735c2000 	C:\Windows\system32\shlwapi.dll
0x00007ffd72380000 - 0x00007ffd7238f000 	C:\Windows\system32\kernel.appcore.dll
0x00007ffd724d0000 - 0x00007ffd72585000 	C:\Windows\system32\shcore.dll
0x00007ffd72330000 - 0x00007ffd7237b000 	C:\Windows\system32\powrprof.dll
0x00007ffd72310000 - 0x00007ffd72324000 	C:\Windows\system32\profapi.dll
0x00007ffd64ca0000 - 0x00007ffd64e2c000 	C:\Windows\SYSTEM32\dbghelp.dll

VM Arguments:
jvm_args: -Djava.awt.headless=true -Xmx1024M -Dfile.encoding=windows-1252 -Duser.country=IN -Duser.language=en -Duser.variant 
java_command: com.android.dx.command.Main --dex --force-jumbo --num-threads=4 --multi-dex --output E:\AndroidRemote\AndroidRemoteClient\app\build\intermediates\transforms\dex\debug\folders\1000\10\com.android.support-support-v4-23.3.0_a1d89600a4a73a2909b82938fc245451823b3a93 E:\AndroidRemote\AndroidRemoteClient\app\build\intermediates\exploded-aar\com.android.support\support-v4\23.3.0\jars\classes.jar
java_class_path (initial): C:\Users\Karthik A\AppData\Local\Android\sdk\build-tools\23.0.3\lib\dx.jar
Launcher Type: SUN_STANDARD

Environment Variables:
JAVA_HOME=C:\Program Files\Java\jdk1.8.0_31\
PATH=C:\Program Files\ImageMagick-6.9.3-Q16;C:\Python27\;C:\Python27\Scripts;C:\ProgramData\Oracle\Java\javapath;C:\Users\Karthik A\AppData\Local\Android\sdk\platform-tools;C:\Windows\system32;C:\Windows;C:\Windows\System32\Wbem;C:\Windows\System32\WindowsPowerShell\v1.0\;C:\Program Files\Git\cmd;C:\Program Files (x86)\Skype\Phone\;C:\Program Files (x86)\AMD\ATI.ACE\Core-Static;C:\Program Files (x86)\GtkSharp\2.12\bin;C:\Ruby21\bin
USERNAME=Karthik A
OS=Windows_NT
PROCESSOR_IDENTIFIER=Intel64 Family 6 Model 58 Stepping 9, GenuineIntel



---------------  S Y S T E M  ---------------

OS: Windows 8.1 , 64 bit Build 9600 

CPU:total 4 (2 cores per cpu, 2 threads per core) family 6 model 58 stepping 9, cmov, cx8, fxsr, mmx, sse, sse2, sse3, ssse3, sse4.1, sse4.2, popcnt, avx, aes, clmul, erms, ht, tsc, tscinvbit, tscinv

Memory: 4k page, physical 4072728k(331112k free), swap 5499160k(168k free)

vm_info: Java HotSpot(TM) 64-Bit Server VM (25.31-b07) for windows-amd64 JRE (1.8.0_31-b13), built on Dec 17 2014 21:00:28 by "java_re" with MS VC++ 10.0 (VS2010)

time: Tue Apr 26 23:35:11 2016
elapsed time: 4 seconds (0d 0h 0m 4s)

