#
# There is insufficient memory for the Java Runtime Environment to continue.
# Native memory allocation (malloc) failed to allocate 202256 bytes for Chunk::new
# Possible reasons:
#   The system is out of physical RAM or swap space
#   In 32 bit mode, the process size limit was hit
# Possible solutions:
#   Reduce memory load on the system
#   Increase physical memory or swap space
#   Check if swap backing store is full
#   Use 64 bit Java on a 64 bit OS
#   Decrease Java heap size (-Xmx/-Xms)
#   Decrease number of Java threads
#   Decrease Java thread stack sizes (-Xss)
#   Set larger code cache with -XX:ReservedCodeCacheSize=
# This output file may be truncated or incomplete.
#
#  Out of Memory Error (allocation.cpp:390), pid=5608, tid=1248
#
# JRE version: Java(TM) SE Runtime Environment (8.0_31-b13) (build 1.8.0_31-b13)
# Java VM: Java HotSpot(TM) 64-Bit Server VM (25.31-b07 mixed mode windows-amd64 compressed oops)
# Failed to write core dump. Minidumps are not enabled by default on client versions of Windows
#

---------------  T H R E A D  ---------------

Current thread (0x00000000149fe000):  JavaThread "C2 CompilerThread0" daemon [_thread_in_native, id=1248, stack(0x0000000015f50000,0x0000000016050000)]

Stack: [0x0000000015f50000,0x0000000016050000]
Native frames: (J=compiled Java code, j=interpreted, Vv=VM code, C=native code)
V  [jvm.dll+0x3169ba]
V  [jvm.dll+0x2674c3]
V  [jvm.dll+0x268103]
V  [jvm.dll+0x25f8f5]
V  [jvm.dll+0xbf025]
V  [jvm.dll+0xbf4cc]
V  [jvm.dll+0x45df82]
V  [jvm.dll+0x49f21f]
V  [jvm.dll+0x452f28]
V  [jvm.dll+0x454124]
V  [jvm.dll+0x437c62]
V  [jvm.dll+0x988e2]
V  [jvm.dll+0x990d3]
V  [jvm.dll+0x22c194]
V  [jvm.dll+0x28576a]
C  [msvcr100.dll+0x21d9f]
C  [msvcr100.dll+0x21e3b]
C  [KERNEL32.DLL+0x18102]
C  [ntdll.dll+0x5c5b4]


Current CompileTask:
C2:   4147  875       4       com.android.dx.ssa.NormalSsaInsn::mapSourceRegisters (48 bytes)


---------------  P R O C E S S  ---------------

Java Threads: ( => current thread )
  0x00000000163ce000 JavaThread "pool-2-thread-4" [_thread_in_Java, id=5408, stack(0x0000000016c50000,0x0000000016d50000)]
  0x00000000163c8800 JavaThread "pool-2-thread-3" [_thread_blocked, id=780, stack(0x0000000016b50000,0x0000000016c50000)]
  0x00000000163c8000 JavaThread "pool-2-thread-2" [_thread_in_Java, id=4128, stack(0x0000000016a50000,0x0000000016b50000)]
  0x00000000163c0800 JavaThread "pool-3-thread-1" [_thread_blocked, id=4428, stack(0x0000000016950000,0x0000000016a50000)]
  0x00000000163be800 JavaThread "pool-2-thread-1" [_thread_blocked, id=6780, stack(0x0000000016850000,0x0000000016950000)]
  0x0000000014a5c800 JavaThread "Service Thread" daemon [_thread_blocked, id=4660, stack(0x0000000016650000,0x0000000016750000)]
  0x0000000014a4c800 JavaThread "C1 CompilerThread2" daemon [_thread_blocked, id=4384, stack(0x0000000016150000,0x0000000016250000)]
  0x0000000014a1f800 JavaThread "C2 CompilerThread1" daemon [_thread_in_native, id=5576, stack(0x0000000016050000,0x0000000016150000)]
=>0x00000000149fe000 JavaThread "C2 CompilerThread0" daemon [_thread_in_native, id=1248, stack(0x0000000015f50000,0x0000000016050000)]
  0x00000000149fc000 JavaThread "Attach Listener" daemon [_thread_blocked, id=6100, stack(0x0000000015e50000,0x0000000015f50000)]
  0x00000000149fa000 JavaThread "Signal Dispatcher" daemon [_thread_blocked, id=7060, stack(0x0000000015d50000,0x0000000015e50000)]
  0x000000000231f000 JavaThread "Finalizer" daemon [_thread_blocked, id=3320, stack(0x0000000015c50000,0x0000000015d50000)]
  0x000000000231c000 JavaThread "Reference Handler" daemon [_thread_blocked, id=6236, stack(0x0000000015b50000,0x0000000015c50000)]
  0x000000000096d800 JavaThread "main" [_thread_in_Java, id=4752, stack(0x0000000002130000,0x0000000002230000)]

Other Threads:
  0x00000000149c6800 VMThread [stack: 0x0000000015a50000,0x0000000015b50000] [id=6112]
  0x0000000016271000 WatcherThread [stack: 0x0000000016750000,0x0000000016850000] [id=4828]

VM state:not at safepoint (normal execution)

VM Mutex/Monitor currently owned by a thread: None

Heap:
 PSYoungGen      total 18944K, used 6203K [0x00000000eab00000, 0x00000000ec000000, 0x0000000100000000)
  eden space 16384K, 22% used [0x00000000eab00000,0x00000000eae94fe0,0x00000000ebb00000)
  from space 2560K, 99% used [0x00000000ebd80000,0x00000000ebff9c78,0x00000000ec000000)
  to   space 2560K, 0% used [0x00000000ebb00000,0x00000000ebb00000,0x00000000ebd80000)
 ParOldGen       total 44032K, used 3679K [0x00000000c0000000, 0x00000000c2b00000, 0x00000000eab00000)
  object space 44032K, 8% used [0x00000000c0000000,0x00000000c0397f88,0x00000000c2b00000)
 Metaspace       used 5792K, capacity 6832K, committed 7040K, reserved 1056768K
  class space    used 586K, capacity 616K, committed 640K, reserved 1048576K

Card table byte_map: [0x00000000116f0000,0x0000000011900000] byte_map_base: 0x00000000110f0000

Marking Bits: (ParMarkBitMap*) 0x0000000061a7d4f0
 Begin Bits: [0x0000000011e60000, 0x0000000012e60000)
 End Bits:   [0x0000000012e60000, 0x0000000013e60000)

Polling page: 0x0000000000910000

CodeCache: size=245760Kb used=4016Kb max_used=4016Kb free=241743Kb
 bounds [0x0000000002330000, 0x0000000002720000, 0x0000000011330000]
 total_blobs=1346 nmethods=1081 adapters=178
 compilation: disabled (not enough contiguous free space left)

Compilation events (10 events):
Event: 3.747 Thread 0x0000000014a4c800 nmethod 881 0x0000000002688190 code [0x0000000002688320, 0x00000000026886d8]
Event: 3.747 Thread 0x0000000014a4c800  856   !   3       com.android.dx.rop.code.LocalVariableInfo::setStarts (40 bytes)
Event: 3.748 Thread 0x0000000014a4c800 nmethod 856 0x00000000026876d0 code [0x0000000002687880, 0x0000000002687ea8]
Event: 3.748 Thread 0x0000000014a4c800  858       3       com.android.dx.cf.code.BasicBlocker::visitCommon (34 bytes)
Event: 3.748 Thread 0x0000000014a4c800 nmethod 858 0x000000000267aa50 code [0x000000000267ac00, 0x000000000267b110]
Event: 3.748 Thread 0x0000000014a4c800  860       3       com.android.dx.cf.code.BasicBlocker::setPreviousOffset (6 bytes)
Event: 3.748 Thread 0x0000000014a4c800 nmethod 860 0x0000000002687390 code [0x00000000026874e0, 0x0000000002687630]
Event: 3.748 Thread 0x0000000014a4c800  826       3       com.android.dx.cf.code.ConcreteMethod::getCatches (8 bytes)
Event: 3.749 Thread 0x0000000014a4c800 nmethod 826 0x000000000267a650 code [0x000000000267a7a0, 0x000000000267a990]
Event: 3.749 Thread 0x0000000014a4c800  866       3       com.android.dx.rop.cst.CstType::compareTo0 (25 bytes)

GC Heap History (2 events):
Event: 3.491 GC heap before
{Heap before GC invocations=1 (full 0):
 PSYoungGen      total 18944K, used 16384K [0x00000000eab00000, 0x00000000ec000000, 0x0000000100000000)
  eden space 16384K, 100% used [0x00000000eab00000,0x00000000ebb00000,0x00000000ebb00000)
  from space 2560K, 0% used [0x00000000ebd80000,0x00000000ebd80000,0x00000000ec000000)
  to   space 2560K, 0% used [0x00000000ebb00000,0x00000000ebb00000,0x00000000ebd80000)
 ParOldGen       total 44032K, used 0K [0x00000000c0000000, 0x00000000c2b00000, 0x00000000eab00000)
  object space 44032K, 0% used [0x00000000c0000000,0x00000000c0000000,0x00000000c2b00000)
 Metaspace       used 5651K, capacity 6704K, committed 6784K, reserved 1056768K
  class space    used 584K, capacity 616K, committed 640K, reserved 1048576K
Event: 3.735 GC heap after
Heap after GC invocations=1 (full 0):
 PSYoungGen      total 18944K, used 2538K [0x00000000eab00000, 0x00000000ec000000, 0x0000000100000000)
  eden space 16384K, 0% used [0x00000000eab00000,0x00000000eab00000,0x00000000ebb00000)
  from space 2560K, 99% used [0x00000000ebb00000,0x00000000ebd7aaa8,0x00000000ebd80000)
  to   space 2560K, 0% used [0x00000000ebd80000,0x00000000ebd80000,0x00000000ec000000)
 ParOldGen       total 44032K, used 1795K [0x00000000c0000000, 0x00000000c2b00000, 0x00000000eab00000)
  object space 44032K, 4% used [0x00000000c0000000,0x00000000c01c0f68,0x00000000c2b00000)
 Metaspace       used 5651K, capacity 6704K, committed 6784K, reserved 1056768K
  class space    used 584K, capacity 616K, committed 640K, reserved 1048576K
}

Deoptimization events (0 events):
No events

Internal exceptions (10 events):
Event: 2.825 Thread 0x00000000163c8800 Exception <a 'java/security/PrivilegedActionException'> (0x00000000eb3c9178) thrown at [C:\workspace\8-2-build-windows-amd64-cygwin\jdk8u31\2394\hotspot\src\share\vm\prims\jvm.cpp, line 1312]
Event: 2.836 Thread 0x00000000163c8800 Exception <a 'java/security/PrivilegedActionException'> (0x00000000eb3d5a00) thrown at [C:\workspace\8-2-build-windows-amd64-cygwin\jdk8u31\2394\hotspot\src\share\vm\prims\jvm.cpp, line 1312]
Event: 2.838 Thread 0x00000000163c8800 Exception <a 'java/security/PrivilegedActionException'> (0x00000000eb3dbcc0) thrown at [C:\workspace\8-2-build-windows-amd64-cygwin\jdk8u31\2394\hotspot\src\share\vm\prims\jvm.cpp, line 1312]
Event: 2.839 Thread 0x00000000163c8800 Exception <a 'java/security/PrivilegedActionException'> (0x00000000eb3e0418) thrown at [C:\workspace\8-2-build-windows-amd64-cygwin\jdk8u31\2394\hotspot\src\share\vm\prims\jvm.cpp, line 1312]
Event: 2.897 Thread 0x00000000163c8800 Exception <a 'java/security/PrivilegedActionException'> (0x00000000eb401ba8) thrown at [C:\workspace\8-2-build-windows-amd64-cygwin\jdk8u31\2394\hotspot\src\share\vm\prims\jvm.cpp, line 1312]
Event: 2.901 Thread 0x00000000163c8000 Exception <a 'java/security/PrivilegedActionException'> (0x00000000eb544d78) thrown at [C:\workspace\8-2-build-windows-amd64-cygwin\jdk8u31\2394\hotspot\src\share\vm\prims\jvm.cpp, line 1312]
Event: 2.912 Thread 0x00000000163c8800 Exception <a 'java/security/PrivilegedActionException'> (0x00000000eb5a0348) thrown at [C:\workspace\8-2-build-windows-amd64-cygwin\jdk8u31\2394\hotspot\src\share\vm\prims\jvm.cpp, line 1312]
Event: 2.928 Thread 0x00000000163be800 Exception <a 'java/security/PrivilegedActionException'> (0x00000000eb347e90) thrown at [C:\workspace\8-2-build-windows-amd64-cygwin\jdk8u31\2394\hotspot\src\share\vm\prims\jvm.cpp, line 1312]
Event: 2.941 Thread 0x00000000163c8000 Exception <a 'java/security/PrivilegedActionException'> (0x00000000eb5678a8) thrown at [C:\workspace\8-2-build-windows-amd64-cygwin\jdk8u31\2394\hotspot\src\share\vm\prims\jvm.cpp, line 1312]
Event: 2.951 Thread 0x00000000163be800 Exception <a 'java/security/PrivilegedActionException'> (0x00000000eb64f988) thrown at [C:\workspace\8-2-build-windows-amd64-cygwin\jdk8u31\2394\hotspot\src\share\vm\prims\jvm.cpp, line 1312]

Events (10 events):
Event: 2.940 loading class com/android/dx/dex/file/MethodAnnotationStruct
Event: 2.940 loading class com/android/dx/dex/file/MethodAnnotationStruct done
Event: 2.951 loading class com/android/dx/ssa/back/FirstFitLocalCombiningAllocator$Multiset
Event: 2.951 loading class com/android/dx/ssa/back/FirstFitLocalCombiningAllocator$Multiset done
Event: 3.165 loading class java/util/ArrayList$1
Event: 3.192 loading class java/util/ArrayList$1 done
Event: 3.287 Executing VM operation: ForceSafepoint
Event: 3.459 Executing VM operation: ForceSafepoint done
Event: 3.491 Executing VM operation: ParallelGCFailedAllocation
Event: 3.735 Executing VM operation: ParallelGCFailedAllocation done


Dynamic libraries:
0x00007ff7c82d0000 - 0x00007ff7c8304000 	C:\Program Files\Java\jdk1.8.0_31\bin\java.exe
0x00007ffd75cf0000 - 0x00007ffd75eb1000 	C:\Windows\SYSTEM32\ntdll.dll
0x00007ffd74610000 - 0x00007ffd746bd000 	C:\Windows\system32\KERNEL32.DLL
0x00007ffd72cc0000 - 0x00007ffd72ea8000 	C:\Windows\system32\KERNELBASE.dll
0x00007ffd746d0000 - 0x00007ffd74777000 	C:\Windows\system32\ADVAPI32.dll
0x00007ffd73210000 - 0x00007ffd732ad000 	C:\Windows\system32\msvcrt.dll
0x00007ffd73b80000 - 0x00007ffd73bdb000 	C:\Windows\system32\sechost.dll
0x00007ffd730f0000 - 0x00007ffd7320c000 	C:\Windows\system32\RPCRT4.dll
0x00007ffd73be0000 - 0x00007ffd73d36000 	C:\Windows\system32\USER32.dll
0x00007ffd738e0000 - 0x00007ffd73a66000 	C:\Windows\system32\GDI32.dll
0x00007ffd6b490000 - 0x00007ffd6b704000 	C:\Windows\WinSxS\amd64_microsoft.windows.common-controls_6595b64144ccf1df_6.0.10586.0_none_8c15ae12515e1c22\COMCTL32.dll
0x00007ffd74390000 - 0x00007ffd7460d000 	C:\Windows\system32\combase.dll
0x00007ffd72eb0000 - 0x00007ffd72f1a000 	C:\Windows\system32\bcryptPrimitives.dll
0x00007ffd73720000 - 0x00007ffd7375b000 	C:\Windows\system32\IMM32.DLL
0x00000000601c0000 - 0x0000000060292000 	C:\Program Files\Java\jdk1.8.0_31\jre\bin\msvcr100.dll
0x00000000612a0000 - 0x0000000061afa000 	C:\Program Files\Java\jdk1.8.0_31\jre\bin\server\jvm.dll
0x00007ffd73560000 - 0x00007ffd73568000 	C:\Windows\system32\PSAPI.DLL
0x00007ffd64100000 - 0x00007ffd64109000 	C:\Windows\SYSTEM32\WSOCK32.dll
0x00007ffd73810000 - 0x00007ffd7387b000 	C:\Windows\system32\WS2_32.dll
0x00007ffd70230000 - 0x00007ffd70253000 	C:\Windows\SYSTEM32\WINMM.dll
0x00007ffd70200000 - 0x00007ffd7022c000 	C:\Windows\SYSTEM32\WINMMBASE.dll
0x00007ffd72be0000 - 0x00007ffd72c23000 	C:\Windows\system32\cfgmgr32.dll
0x0000000061e50000 - 0x0000000061e5f000 	C:\Program Files\Java\jdk1.8.0_31\jre\bin\verify.dll
0x0000000061e20000 - 0x0000000061e48000 	C:\Program Files\Java\jdk1.8.0_31\jre\bin\java.dll
0x0000000061280000 - 0x0000000061296000 	C:\Program Files\Java\jdk1.8.0_31\jre\bin\zip.dll
0x00007ffd74780000 - 0x00007ffd75cdc000 	C:\Windows\system32\SHELL32.dll
0x00007ffd72590000 - 0x00007ffd72bd5000 	C:\Windows\system32\windows.storage.dll
0x00007ffd73570000 - 0x00007ffd735c2000 	C:\Windows\system32\shlwapi.dll
0x00007ffd72380000 - 0x00007ffd7238f000 	C:\Windows\system32\kernel.appcore.dll
0x00007ffd724d0000 - 0x00007ffd72585000 	C:\Windows\system32\shcore.dll
0x00007ffd72330000 - 0x00007ffd7237b000 	C:\Windows\system32\powrprof.dll
0x00007ffd72310000 - 0x00007ffd72324000 	C:\Windows\system32\profapi.dll
0x00007ffd64ca0000 - 0x00007ffd64e2c000 	C:\Windows\SYSTEM32\dbghelp.dll

VM Arguments:
jvm_args: -Djava.awt.headless=true -Xmx1024M -Dfile.encoding=windows-1252 -Duser.country=IN -Duser.language=en -Duser.variant 
java_command: com.android.dx.command.Main --dex --force-jumbo --num-threads=4 --multi-dex --output E:\AndroidRemote\AndroidRemoteClient\app\build\intermediates\transforms\dex\debug\folders\1000\10\instant-run_dccf5e08917c342217d7a6fe68327f70cbe5dfc8 E:\AndroidRemote\AndroidRemoteClient\app\build\intermediates\incremental-runtime-classes\debug\instant-run.jar
java_class_path (initial): C:\Users\Karthik A\AppData\Local\Android\sdk\build-tools\23.0.3\lib\dx.jar
Launcher Type: SUN_STANDARD

Environment Variables:
JAVA_HOME=C:\Program Files\Java\jdk1.8.0_31\
PATH=C:\Program Files\ImageMagick-6.9.3-Q16;C:\Python27\;C:\Python27\Scripts;C:\ProgramData\Oracle\Java\javapath;C:\Users\Karthik A\AppData\Local\Android\sdk\platform-tools;C:\Windows\system32;C:\Windows;C:\Windows\System32\Wbem;C:\Windows\System32\WindowsPowerShell\v1.0\;C:\Program Files\Git\cmd;C:\Program Files (x86)\Skype\Phone\;C:\Program Files (x86)\AMD\ATI.ACE\Core-Static;C:\Program Files (x86)\GtkSharp\2.12\bin;C:\Ruby21\bin
USERNAME=Karthik A
OS=Windows_NT
PROCESSOR_IDENTIFIER=Intel64 Family 6 Model 58 Stepping 9, GenuineIntel



---------------  S Y S T E M  ---------------

OS: Windows 8.1 , 64 bit Build 9600 

CPU:total 4 (2 cores per cpu, 2 threads per core) family 6 model 58 stepping 9, cmov, cx8, fxsr, mmx, sse, sse2, sse3, ssse3, sse4.1, sse4.2, popcnt, avx, aes, clmul, erms, ht, tsc, tscinvbit, tscinv

Memory: 4k page, physical 4072728k(330240k free), swap 5499160k(0k free)

vm_info: Java HotSpot(TM) 64-Bit Server VM (25.31-b07) for windows-amd64 JRE (1.8.0_31-b13), built on Dec 17 2014 21:00:28 by "java_re" with MS VC++ 10.0 (VS2010)

time: Tue Apr 26 23:35:11 2016
elapsed time: 4 seconds (0d 0h 0m 4s)

