#
# There is insufficient memory for the Java Runtime Environment to continue.
# Native memory allocation (malloc) failed to allocate 630656 bytes for Chunk::new
# Possible reasons:
#   The system is out of physical RAM or swap space
#   In 32 bit mode, the process size limit was hit
# Possible solutions:
#   Reduce memory load on the system
#   Increase physical memory or swap space
#   Check if swap backing store is full
#   Use 64 bit Java on a 64 bit OS
#   Decrease Java heap size (-Xmx/-Xms)
#   Decrease number of Java threads
#   Decrease Java thread stack sizes (-Xss)
#   Set larger code cache with -XX:ReservedCodeCacheSize=
# This output file may be truncated or incomplete.
#
#  Out of Memory Error (allocation.cpp:390), pid=5680, tid=7348
#
# JRE version: Java(TM) SE Runtime Environment (8.0_31-b13) (build 1.8.0_31-b13)
# Java VM: Java HotSpot(TM) 64-Bit Server VM (25.31-b07 mixed mode windows-amd64 compressed oops)
# Failed to write core dump. Minidumps are not enabled by default on client versions of Windows
#

---------------  T H R E A D  ---------------

Current thread (0x00000000148ff800):  JavaThread "C2 CompilerThread1" daemon [_thread_in_native, id=7348, stack(0x0000000015f50000,0x0000000016050000)]

Stack: [0x0000000015f50000,0x0000000016050000]
Native frames: (J=compiled Java code, j=interpreted, Vv=VM code, C=native code)
V  [jvm.dll+0x3169ba]
V  [jvm.dll+0x2674c3]
V  [jvm.dll+0x268103]
V  [jvm.dll+0x25f8f5]
V  [jvm.dll+0xbf025]
V  [jvm.dll+0xbf4cc]
V  [jvm.dll+0x45df82]
V  [jvm.dll+0x49f21f]
V  [jvm.dll+0x452b35]
V  [jvm.dll+0x454124]
V  [jvm.dll+0x437c62]
V  [jvm.dll+0x988e2]
V  [jvm.dll+0x990d3]
V  [jvm.dll+0x22c194]
V  [jvm.dll+0x28576a]
C  [msvcr100.dll+0x21d9f]
C  [msvcr100.dll+0x21e3b]
C  [KERNEL32.DLL+0x18102]
C  [ntdll.dll+0x5c5b4]


Current CompileTask:
C2:   4148  738       4       com.android.dx.ssa.SsaBasicBlock::forEachInsn (37 bytes)


---------------  P R O C E S S  ---------------

Java Threads: ( => current thread )
  0x0000000016592000 JavaThread "pool-3-thread-1" [_thread_blocked, id=2360, stack(0x0000000016850000,0x0000000016950000)]
  0x000000001658f000 JavaThread "pool-2-thread-1" [_thread_blocked, id=4796, stack(0x0000000016750000,0x0000000016850000)]
  0x000000001495a800 JavaThread "Service Thread" daemon [_thread_blocked, id=6920, stack(0x0000000016150000,0x0000000016250000)]
  0x0000000014953800 JavaThread "C1 CompilerThread2" daemon [_thread_blocked, id=6748, stack(0x0000000016050000,0x0000000016150000)]
=>0x00000000148ff800 JavaThread "C2 CompilerThread1" daemon [_thread_in_native, id=7348, stack(0x0000000015f50000,0x0000000016050000)]
  0x00000000148fd800 JavaThread "C2 CompilerThread0" daemon [_thread_blocked, id=2944, stack(0x0000000015e50000,0x0000000015f50000)]
  0x00000000148fb000 JavaThread "Attach Listener" daemon [_thread_blocked, id=5852, stack(0x0000000015d50000,0x0000000015e50000)]
  0x00000000148f9800 JavaThread "Signal Dispatcher" daemon [_thread_blocked, id=7924, stack(0x0000000015c50000,0x0000000015d50000)]
  0x000000000221f000 JavaThread "Finalizer" daemon [_thread_blocked, id=5664, stack(0x0000000015b50000,0x0000000015c50000)]
  0x000000000221c000 JavaThread "Reference Handler" daemon [_thread_blocked, id=7356, stack(0x0000000015a50000,0x0000000015b50000)]
  0x000000000212e000 JavaThread "main" [_thread_blocked, id=4552, stack(0x0000000002020000,0x0000000002120000)]

Other Threads:
  0x00000000148c7000 VMThread [stack: 0x0000000015950000,0x0000000015a50000] [id=4820]
  0x000000001495d800 WatcherThread [stack: 0x0000000016250000,0x0000000016350000] [id=4468]

VM state:at safepoint (normal execution)

VM Mutex/Monitor currently owned by a thread:  ([mutex/lock_event])
[0x000000000212cd70] Threads_lock - owner thread: 0x00000000148c7000
[0x000000000212d470] Heap_lock - owner thread: 0x0000000014953800
[0x00000000021311d0] MethodData_lock - owner thread: 0x0000000014953800

Heap:
 PSYoungGen      total 18944K, used 2532K [0x00000000eab00000, 0x00000000ec000000, 0x0000000100000000)
  eden space 16384K, 0% used [0x00000000eab00000,0x00000000eab00000,0x00000000ebb00000)
  from space 2560K, 98% used [0x00000000ebb00000,0x00000000ebd79048,0x00000000ebd80000)
  to   space 2560K, 0% used [0x00000000ebd80000,0x00000000ebd80000,0x00000000ec000000)
 ParOldGen       total 44032K, used 864K [0x00000000c0000000, 0x00000000c2b00000, 0x00000000eab00000)
  object space 44032K, 1% used [0x00000000c0000000,0x00000000c00d81d0,0x00000000c2b00000)
 Metaspace       used 5686K, capacity 6704K, committed 6784K, reserved 1060864K
  class space    used 589K, capacity 616K, committed 640K, reserved 1048576K

Card table byte_map: [0x00000000115f0000,0x0000000011800000] byte_map_base: 0x0000000010ff0000

Marking Bits: (ParMarkBitMap*) 0x0000000061a7d4f0
 Begin Bits: [0x0000000011d60000, 0x0000000012d60000)
 End Bits:   [0x0000000012d60000, 0x0000000013d60000)

Polling page: 0x00000000009a0000

CodeCache: size=245760Kb used=3264Kb max_used=3264Kb free=242495Kb
 bounds [0x0000000002230000, 0x0000000002570000, 0x0000000011230000]
 total_blobs=1048 nmethods=784 adapters=178
 compilation: enabled

Compilation events (10 events):
Event: 3.760 Thread 0x0000000014953800  748       1       com.android.dx.rop.code.RopMethod::getFirstLabel (5 bytes)
Event: 3.761 Thread 0x0000000014953800 nmethod 748 0x000000000253d550 code [0x000000000253d6a0, 0x000000000253d7b0]
Event: 3.771 Thread 0x00000000148fd800  755       4       java.util.ArrayList::remove (69 bytes)
Event: 3.772 Thread 0x0000000014953800  756       3       com.android.dx.ssa.SCCP::setLatticeValueTo (67 bytes)
Event: 3.773 Thread 0x0000000014953800 nmethod 756 0x000000000253cad0 code [0x000000000253cc80, 0x000000000253d1e8]
Event: 3.775 Thread 0x00000000148fd800 nmethod 755 0x000000000253c650 code [0x000000000253c7a0, 0x000000000253c938]
Event: 3.775 Thread 0x0000000014953800  757       3       com.android.dx.ssa.SCCP::addUsersToWorklist (103 bytes)
Event: 3.777 Thread 0x0000000014953800 nmethod 757 0x000000000253e650 code [0x000000000253e920, 0x000000000253fe18]
Event: 3.777 Thread 0x0000000014953800  758       3       com.android.dx.ssa.PhiInsn::hasSideEffect (19 bytes)
Event: 3.778 Thread 0x0000000014953800 nmethod 758 0x000000000253bf90 code [0x000000000253c100, 0x000000000253c550]

GC Heap History (0 events):
No events

Deoptimization events (0 events):
No events

Internal exceptions (10 events):
Event: 2.847 Thread 0x0000000016594800 Exception <a 'java/security/PrivilegedActionException'> (0x00000000eb337d28) thrown at [C:\workspace\8-2-build-windows-amd64-cygwin\jdk8u31\2394\hotspot\src\share\vm\prims\jvm.cpp, line 1312]
Event: 2.847 Thread 0x0000000016594800 Exception <a 'java/security/PrivilegedActionException'> (0x00000000eb33c468) thrown at [C:\workspace\8-2-build-windows-amd64-cygwin\jdk8u31\2394\hotspot\src\share\vm\prims\jvm.cpp, line 1312]
Event: 2.848 Thread 0x0000000016594800 Exception <a 'java/security/PrivilegedActionException'> (0x00000000eb341ee0) thrown at [C:\workspace\8-2-build-windows-amd64-cygwin\jdk8u31\2394\hotspot\src\share\vm\prims\jvm.cpp, line 1312]
Event: 3.053 Thread 0x0000000016594800 Exception <a 'java/security/PrivilegedActionException'> (0x00000000eb34ac28) thrown at [C:\workspace\8-2-build-windows-amd64-cygwin\jdk8u31\2394\hotspot\src\share\vm\prims\jvm.cpp, line 1312]
Event: 3.054 Thread 0x0000000016593800 Exception <a 'java/security/PrivilegedActionException'> (0x00000000eb4b2198) thrown at [C:\workspace\8-2-build-windows-amd64-cygwin\jdk8u31\2394\hotspot\src\share\vm\prims\jvm.cpp, line 1312]
Event: 3.121 Thread 0x000000001658f000 Exception <a 'java/security/PrivilegedActionException'> (0x00000000eb30d498) thrown at [C:\workspace\8-2-build-windows-amd64-cygwin\jdk8u31\2394\hotspot\src\share\vm\prims\jvm.cpp, line 1312]
Event: 3.122 Thread 0x000000001658f000 Exception <a 'java/security/PrivilegedActionException'> (0x00000000eb5513a8) thrown at [C:\workspace\8-2-build-windows-amd64-cygwin\jdk8u31\2394\hotspot\src\share\vm\prims\jvm.cpp, line 1312]
Event: 3.123 Thread 0x000000001658f000 Exception <a 'java/security/PrivilegedActionException'> (0x00000000eb556c28) thrown at [C:\workspace\8-2-build-windows-amd64-cygwin\jdk8u31\2394\hotspot\src\share\vm\prims\jvm.cpp, line 1312]
Event: 3.148 Thread 0x000000001658f000 Exception <a 'java/security/PrivilegedActionException'> (0x00000000eb594a90) thrown at [C:\workspace\8-2-build-windows-amd64-cygwin\jdk8u31\2394\hotspot\src\share\vm\prims\jvm.cpp, line 1312]
Event: 3.432 Thread 0x000000001658f000 Exception <a 'java/security/PrivilegedActionException'> (0x00000000eb601028) thrown at [C:\workspace\8-2-build-windows-amd64-cygwin\jdk8u31\2394\hotspot\src\share\vm\prims\jvm.cpp, line 1312]

Events (10 events):
Event: 3.148 loading class com/android/dx/cf/code/Ropper$ExceptionHandlerSetup
Event: 3.148 loading class com/android/dx/cf/code/Ropper$ExceptionHandlerSetup done
Event: 3.152 loading class java/util/HashMap$Values
Event: 3.152 loading class java/util/HashMap$Values done
Event: 3.152 loading class java/util/HashMap$ValueIterator
Event: 3.152 loading class java/util/HashMap$ValueIterator done
Event: 3.429 loading class java/util/DualPivotQuicksort
Event: 3.429 loading class java/util/DualPivotQuicksort done
Event: 3.432 loading class com/android/dx/dex/file/MethodAnnotationStruct
Event: 3.432 loading class com/android/dx/dex/file/MethodAnnotationStruct done


Dynamic libraries:
0x00007ff7c82d0000 - 0x00007ff7c8304000 	C:\Program Files\Java\jdk1.8.0_31\bin\java.exe
0x00007ffd75cf0000 - 0x00007ffd75eb1000 	C:\Windows\SYSTEM32\ntdll.dll
0x00007ffd74610000 - 0x00007ffd746bd000 	C:\Windows\system32\KERNEL32.DLL
0x00007ffd72cc0000 - 0x00007ffd72ea8000 	C:\Windows\system32\KERNELBASE.dll
0x00007ffd746d0000 - 0x00007ffd74777000 	C:\Windows\system32\ADVAPI32.dll
0x00007ffd73210000 - 0x00007ffd732ad000 	C:\Windows\system32\msvcrt.dll
0x00007ffd73b80000 - 0x00007ffd73bdb000 	C:\Windows\system32\sechost.dll
0x00007ffd730f0000 - 0x00007ffd7320c000 	C:\Windows\system32\RPCRT4.dll
0x00007ffd73be0000 - 0x00007ffd73d36000 	C:\Windows\system32\USER32.dll
0x00007ffd738e0000 - 0x00007ffd73a66000 	C:\Windows\system32\GDI32.dll
0x00007ffd6b490000 - 0x00007ffd6b704000 	C:\Windows\WinSxS\amd64_microsoft.windows.common-controls_6595b64144ccf1df_6.0.10586.0_none_8c15ae12515e1c22\COMCTL32.dll
0x00007ffd74390000 - 0x00007ffd7460d000 	C:\Windows\system32\combase.dll
0x00007ffd72eb0000 - 0x00007ffd72f1a000 	C:\Windows\system32\bcryptPrimitives.dll
0x00007ffd73720000 - 0x00007ffd7375b000 	C:\Windows\system32\IMM32.DLL
0x00000000601c0000 - 0x0000000060292000 	C:\Program Files\Java\jdk1.8.0_31\jre\bin\msvcr100.dll
0x00000000612a0000 - 0x0000000061afa000 	C:\Program Files\Java\jdk1.8.0_31\jre\bin\server\jvm.dll
0x00007ffd73560000 - 0x00007ffd73568000 	C:\Windows\system32\PSAPI.DLL
0x00007ffd64100000 - 0x00007ffd64109000 	C:\Windows\SYSTEM32\WSOCK32.dll
0x00007ffd73810000 - 0x00007ffd7387b000 	C:\Windows\system32\WS2_32.dll
0x00007ffd70230000 - 0x00007ffd70253000 	C:\Windows\SYSTEM32\WINMM.dll
0x00007ffd70200000 - 0x00007ffd7022c000 	C:\Windows\SYSTEM32\WINMMBASE.dll
0x00007ffd72be0000 - 0x00007ffd72c23000 	C:\Windows\system32\cfgmgr32.dll
0x0000000061e50000 - 0x0000000061e5f000 	C:\Program Files\Java\jdk1.8.0_31\jre\bin\verify.dll
0x0000000061e20000 - 0x0000000061e48000 	C:\Program Files\Java\jdk1.8.0_31\jre\bin\java.dll
0x0000000061280000 - 0x0000000061296000 	C:\Program Files\Java\jdk1.8.0_31\jre\bin\zip.dll
0x00007ffd74780000 - 0x00007ffd75cdc000 	C:\Windows\system32\SHELL32.dll
0x00007ffd72590000 - 0x00007ffd72bd5000 	C:\Windows\system32\windows.storage.dll
0x00007ffd73570000 - 0x00007ffd735c2000 	C:\Windows\system32\shlwapi.dll
0x00007ffd72380000 - 0x00007ffd7238f000 	C:\Windows\system32\kernel.appcore.dll
0x00007ffd724d0000 - 0x00007ffd72585000 	C:\Windows\system32\shcore.dll
0x00007ffd72330000 - 0x00007ffd7237b000 	C:\Windows\system32\powrprof.dll
0x00007ffd72310000 - 0x00007ffd72324000 	C:\Windows\system32\profapi.dll
0x00007ffd64ca0000 - 0x00007ffd64e2c000 	C:\Windows\SYSTEM32\dbghelp.dll

VM Arguments:
jvm_args: -Djava.awt.headless=true -Xmx1024M -Dfile.encoding=windows-1252 -Duser.country=IN -Duser.language=en -Duser.variant 
java_command: com.android.dx.command.Main --dex --force-jumbo --num-threads=4 --multi-dex --output E:\AndroidRemote\AndroidRemoteClient\app\build\intermediates\transforms\dex\debug\folders\1000\10\com.android.support-animated-vector-drawable-23.3.0_1fe9125157762638a86809a3f7cd9fda61108c90 E:\AndroidRemote\AndroidRemoteClient\app\build\intermediates\exploded-aar\com.android.support\animated-vector-drawable\23.3.0\jars\classes.jar
java_class_path (initial): C:\Users\Karthik A\AppData\Local\Android\sdk\build-tools\23.0.3\lib\dx.jar
Launcher Type: SUN_STANDARD

Environment Variables:
JAVA_HOME=C:\Program Files\Java\jdk1.8.0_31\
PATH=C:\Program Files\ImageMagick-6.9.3-Q16;C:\Python27\;C:\Python27\Scripts;C:\ProgramData\Oracle\Java\javapath;C:\Users\Karthik A\AppData\Local\Android\sdk\platform-tools;C:\Windows\system32;C:\Windows;C:\Windows\System32\Wbem;C:\Windows\System32\WindowsPowerShell\v1.0\;C:\Program Files\Git\cmd;C:\Program Files (x86)\Skype\Phone\;C:\Program Files (x86)\AMD\ATI.ACE\Core-Static;C:\Program Files (x86)\GtkSharp\2.12\bin;C:\Ruby21\bin
USERNAME=Karthik A
OS=Windows_NT
PROCESSOR_IDENTIFIER=Intel64 Family 6 Model 58 Stepping 9, GenuineIntel



---------------  S Y S T E M  ---------------

OS: Windows 8.1 , 64 bit Build 9600 

CPU:total 4 (2 cores per cpu, 2 threads per core) family 6 model 58 stepping 9, cmov, cx8, fxsr, mmx, sse, sse2, sse3, ssse3, sse4.1, sse4.2, popcnt, avx, aes, clmul, erms, ht, tsc, tscinvbit, tscinv

Memory: 4k page, physical 4072728k(330240k free), swap 5499160k(0k free)

vm_info: Java HotSpot(TM) 64-Bit Server VM (25.31-b07) for windows-amd64 JRE (1.8.0_31-b13), built on Dec 17 2014 21:00:28 by "java_re" with MS VC++ 10.0 (VS2010)

time: Tue Apr 26 23:35:11 2016
elapsed time: 4 seconds (0d 0h 0m 4s)

